<?xml version="1.0" encoding="UTF-8"?>
<testsuite xmlns:xsi="http://www.w3.org/2001/XMLSchema-instance" xsi:noNamespaceSchemaLocation="https://maven.apache.org/surefire/maven-surefire-plugin/xsd/surefire-test-report.xsd" name="org.jboss.as.quickstarts.wshelloworld.ClientTest" time="0.055" tests="3" errors="0" skipped="3" failures="0">
  <properties>
    <property name="awt.toolkit" value="sun.awt.X11.XToolkit"/>
    <property name="file.encoding.pkg" value="sun.io"/>
    <property name="java.specification.version" value="1.8"/>
    <property name="sun.cpu.isalist" value=""/>
    <property name="sun.jnu.encoding" value="UTF-8"/>
    <property name="java.class.path" value="/home/dzmitry_asetnik/tmp/helloworld-project/helloworld-ws/target/test-classes:/home/dzmitry_asetnik/tmp/helloworld-project/helloworld-ws/target/classes:/home/dzmitry_asetnik/.m2/repository/javax/enterprise/cdi-api/1.2.0.redhat-2/cdi-api-1.2.0.redhat-2.jar:/home/dzmitry_asetnik/.m2/repository/javax/inject/javax.inject/1.0.0.redhat-6/javax.inject-1.0.0.redhat-6.jar:/home/dzmitry_asetnik/.m2/repository/junit/junit/4.12/junit-4.12.jar:/home/dzmitry_asetnik/.m2/repository/org/hamcrest/hamcrest-core/1.3/hamcrest-core-1.3.jar:/home/dzmitry_asetnik/.m2/repository/org/jboss/arquillian/junit/arquillian-junit-container/1.1.13.Final/arquillian-junit-container-1.1.13.Final.jar:/home/dzmitry_asetnik/.m2/repository/org/jboss/arquillian/junit/arquillian-junit-core/1.1.13.Final/arquillian-junit-core-1.1.13.Final.jar:/home/dzmitry_asetnik/.m2/repository/org/jboss/arquillian/test/arquillian-test-api/1.1.13.Final/arquillian-test-api-1.1.13.Final.jar:/home/dzmitry_asetnik/.m2/repository/org/jboss/arquillian/core/arquillian-core-api/1.1.13.Final/arquillian-core-api-1.1.13.Final.jar:/home/dzmitry_asetnik/.m2/repository/org/jboss/arquillian/test/arquillian-test-spi/1.1.13.Final/arquillian-test-spi-1.1.13.Final.jar:/home/dzmitry_asetnik/.m2/repository/org/jboss/arquillian/core/arquillian-core-spi/1.1.13.Final/arquillian-core-spi-1.1.13.Final.jar:/home/dzmitry_asetnik/.m2/repository/org/jboss/arquillian/container/arquillian-container-test-api/1.1.13.Final/arquillian-container-test-api-1.1.13.Final.jar:/home/dzmitry_asetnik/.m2/repository/org/jboss/shrinkwrap/shrinkwrap-api/1.2.6/shrinkwrap-api-1.2.6.jar:/home/dzmitry_asetnik/.m2/repository/org/jboss/arquillian/container/arquillian-container-test-spi/1.1.13.Final/arquillian-container-test-spi-1.1.13.Final.jar:/home/dzmitry_asetnik/.m2/repository/org/jboss/arquillian/container/arquillian-container-spi/1.1.13.Final/arquillian-container-spi-1.1.13.Final.jar:/home/dzmitry_asetnik/.m2/repository/org/jboss/shrinkwrap/descriptors/shrinkwrap-descriptors-api-base/2.0.0-alpha-10/shrinkwrap-descriptors-api-base-2.0.0-alpha-10.jar:/home/dzmitry_asetnik/.m2/repository/org/jboss/arquillian/core/arquillian-core-impl-base/1.1.13.Final/arquillian-core-impl-base-1.1.13.Final.jar:/home/dzmitry_asetnik/.m2/repository/org/jboss/arquillian/test/arquillian-test-impl-base/1.1.13.Final/arquillian-test-impl-base-1.1.13.Final.jar:/home/dzmitry_asetnik/.m2/repository/org/jboss/arquillian/container/arquillian-container-impl-base/1.1.13.Final/arquillian-container-impl-base-1.1.13.Final.jar:/home/dzmitry_asetnik/.m2/repository/org/jboss/arquillian/config/arquillian-config-api/1.1.13.Final/arquillian-config-api-1.1.13.Final.jar:/home/dzmitry_asetnik/.m2/repository/org/jboss/arquillian/config/arquillian-config-impl-base/1.1.13.Final/arquillian-config-impl-base-1.1.13.Final.jar:/home/dzmitry_asetnik/.m2/repository/org/jboss/shrinkwrap/descriptors/shrinkwrap-descriptors-spi/2.0.0-alpha-10/shrinkwrap-descriptors-spi-2.0.0-alpha-10.jar:/home/dzmitry_asetnik/.m2/repository/org/jboss/arquillian/container/arquillian-container-test-impl-base/1.1.13.Final/arquillian-container-test-impl-base-1.1.13.Final.jar:/home/dzmitry_asetnik/.m2/repository/org/jboss/shrinkwrap/shrinkwrap-impl-base/1.2.6/shrinkwrap-impl-base-1.2.6.jar:/home/dzmitry_asetnik/.m2/repository/org/jboss/shrinkwrap/shrinkwrap-spi/1.2.6/shrinkwrap-spi-1.2.6.jar:/home/dzmitry_asetnik/.m2/repository/org/jboss/spec/javax/annotation/jboss-annotations-api_1.2_spec/1.0.0.Final-redhat-1/jboss-annotations-api_1.2_spec-1.0.0.Final-redhat-1.jar:/home/dzmitry_asetnik/.m2/repository/org/jboss/spec/javax/servlet/jboss-servlet-api_3.1_spec/1.0.0.Final-redhat-1/jboss-servlet-api_3.1_spec-1.0.0.Final-redhat-1.jar:"/>
    <property name="java.vm.vendor" value="Private Build"/>
    <property name="sun.arch.data.model" value="64"/>
    <property name="java.vendor.url" value="http://java.oracle.com/"/>
    <property name="user.timezone" value=""/>
    <property name="java.vm.specification.version" value="1.8"/>
    <property name="os.name" value="Linux"/>
    <property name="sun.java.launcher" value="SUN_STANDARD"/>
    <property name="sun.boot.library.path" value="/usr/lib/jvm/java-8-openjdk-amd64/jre/lib/amd64"/>
    <property name="sun.java.command" value="/home/dzmitry_asetnik/tmp/helloworld-project/helloworld-ws/target/surefire/surefirebooter4465422171702406461.jar /home/dzmitry_asetnik/tmp/helloworld-project/helloworld-ws/target/surefire 2021-11-09T18-37-48_013-jvmRun1 surefire6956897592986739273tmp surefire_0698552117908474396tmp"/>
    <property name="surefire.test.class.path" value="/home/dzmitry_asetnik/tmp/helloworld-project/helloworld-ws/target/test-classes:/home/dzmitry_asetnik/tmp/helloworld-project/helloworld-ws/target/classes:/home/dzmitry_asetnik/.m2/repository/javax/enterprise/cdi-api/1.2.0.redhat-2/cdi-api-1.2.0.redhat-2.jar:/home/dzmitry_asetnik/.m2/repository/javax/inject/javax.inject/1.0.0.redhat-6/javax.inject-1.0.0.redhat-6.jar:/home/dzmitry_asetnik/.m2/repository/junit/junit/4.12/junit-4.12.jar:/home/dzmitry_asetnik/.m2/repository/org/hamcrest/hamcrest-core/1.3/hamcrest-core-1.3.jar:/home/dzmitry_asetnik/.m2/repository/org/jboss/arquillian/junit/arquillian-junit-container/1.1.13.Final/arquillian-junit-container-1.1.13.Final.jar:/home/dzmitry_asetnik/.m2/repository/org/jboss/arquillian/junit/arquillian-junit-core/1.1.13.Final/arquillian-junit-core-1.1.13.Final.jar:/home/dzmitry_asetnik/.m2/repository/org/jboss/arquillian/test/arquillian-test-api/1.1.13.Final/arquillian-test-api-1.1.13.Final.jar:/home/dzmitry_asetnik/.m2/repository/org/jboss/arquillian/core/arquillian-core-api/1.1.13.Final/arquillian-core-api-1.1.13.Final.jar:/home/dzmitry_asetnik/.m2/repository/org/jboss/arquillian/test/arquillian-test-spi/1.1.13.Final/arquillian-test-spi-1.1.13.Final.jar:/home/dzmitry_asetnik/.m2/repository/org/jboss/arquillian/core/arquillian-core-spi/1.1.13.Final/arquillian-core-spi-1.1.13.Final.jar:/home/dzmitry_asetnik/.m2/repository/org/jboss/arquillian/container/arquillian-container-test-api/1.1.13.Final/arquillian-container-test-api-1.1.13.Final.jar:/home/dzmitry_asetnik/.m2/repository/org/jboss/shrinkwrap/shrinkwrap-api/1.2.6/shrinkwrap-api-1.2.6.jar:/home/dzmitry_asetnik/.m2/repository/org/jboss/arquillian/container/arquillian-container-test-spi/1.1.13.Final/arquillian-container-test-spi-1.1.13.Final.jar:/home/dzmitry_asetnik/.m2/repository/org/jboss/arquillian/container/arquillian-container-spi/1.1.13.Final/arquillian-container-spi-1.1.13.Final.jar:/home/dzmitry_asetnik/.m2/repository/org/jboss/shrinkwrap/descriptors/shrinkwrap-descriptors-api-base/2.0.0-alpha-10/shrinkwrap-descriptors-api-base-2.0.0-alpha-10.jar:/home/dzmitry_asetnik/.m2/repository/org/jboss/arquillian/core/arquillian-core-impl-base/1.1.13.Final/arquillian-core-impl-base-1.1.13.Final.jar:/home/dzmitry_asetnik/.m2/repository/org/jboss/arquillian/test/arquillian-test-impl-base/1.1.13.Final/arquillian-test-impl-base-1.1.13.Final.jar:/home/dzmitry_asetnik/.m2/repository/org/jboss/arquillian/container/arquillian-container-impl-base/1.1.13.Final/arquillian-container-impl-base-1.1.13.Final.jar:/home/dzmitry_asetnik/.m2/repository/org/jboss/arquillian/config/arquillian-config-api/1.1.13.Final/arquillian-config-api-1.1.13.Final.jar:/home/dzmitry_asetnik/.m2/repository/org/jboss/arquillian/config/arquillian-config-impl-base/1.1.13.Final/arquillian-config-impl-base-1.1.13.Final.jar:/home/dzmitry_asetnik/.m2/repository/org/jboss/shrinkwrap/descriptors/shrinkwrap-descriptors-spi/2.0.0-alpha-10/shrinkwrap-descriptors-spi-2.0.0-alpha-10.jar:/home/dzmitry_asetnik/.m2/repository/org/jboss/arquillian/container/arquillian-container-test-impl-base/1.1.13.Final/arquillian-container-test-impl-base-1.1.13.Final.jar:/home/dzmitry_asetnik/.m2/repository/org/jboss/shrinkwrap/shrinkwrap-impl-base/1.2.6/shrinkwrap-impl-base-1.2.6.jar:/home/dzmitry_asetnik/.m2/repository/org/jboss/shrinkwrap/shrinkwrap-spi/1.2.6/shrinkwrap-spi-1.2.6.jar:/home/dzmitry_asetnik/.m2/repository/org/jboss/spec/javax/annotation/jboss-annotations-api_1.2_spec/1.0.0.Final-redhat-1/jboss-annotations-api_1.2_spec-1.0.0.Final-redhat-1.jar:/home/dzmitry_asetnik/.m2/repository/org/jboss/spec/javax/servlet/jboss-servlet-api_3.1_spec/1.0.0.Final-redhat-1/jboss-servlet-api_3.1_spec-1.0.0.Final-redhat-1.jar:"/>
    <property name="sun.cpu.endian" value="little"/>
    <property name="user.home" value="/home/dzmitry_asetnik"/>
    <property name="user.language" value="en"/>
    <property name="java.specification.vendor" value="Oracle Corporation"/>
    <property name="java.home" value="/usr/lib/jvm/java-8-openjdk-amd64/jre"/>
    <property name="basedir" value="/home/dzmitry_asetnik/tmp/helloworld-project/helloworld-ws"/>
    <property name="file.separator" value="/"/>
    <property name="line.separator" value="&#10;"/>
    <property name="java.vm.specification.vendor" value="Oracle Corporation"/>
    <property name="java.specification.name" value="Java Platform API Specification"/>
    <property name="java.awt.graphicsenv" value="sun.awt.X11GraphicsEnvironment"/>
    <property name="surefire.real.class.path" value="/home/dzmitry_asetnik/tmp/helloworld-project/helloworld-ws/target/surefire/surefirebooter4465422171702406461.jar"/>
    <property name="sun.boot.class.path" value="/usr/lib/jvm/java-8-openjdk-amd64/jre/lib/resources.jar:/usr/lib/jvm/java-8-openjdk-amd64/jre/lib/rt.jar:/usr/lib/jvm/java-8-openjdk-amd64/jre/lib/sunrsasign.jar:/usr/lib/jvm/java-8-openjdk-amd64/jre/lib/jsse.jar:/usr/lib/jvm/java-8-openjdk-amd64/jre/lib/jce.jar:/usr/lib/jvm/java-8-openjdk-amd64/jre/lib/charsets.jar:/usr/lib/jvm/java-8-openjdk-amd64/jre/lib/jfr.jar:/usr/lib/jvm/java-8-openjdk-amd64/jre/classes"/>
    <property name="sun.management.compiler" value="HotSpot 64-Bit Tiered Compilers"/>
    <property name="java.runtime.version" value="1.8.0_292-8u292-b10-0ubuntu1~20.04-b10"/>
    <property name="user.name" value="dzmitry_asetnik"/>
    <property name="path.separator" value=":"/>
    <property name="os.version" value="5.10.16.3-microsoft-standard-WSL2"/>
    <property name="java.endorsed.dirs" value="/usr/lib/jvm/java-8-openjdk-amd64/jre/lib/endorsed"/>
    <property name="java.runtime.name" value="OpenJDK Runtime Environment"/>
    <property name="file.encoding" value="UTF-8"/>
    <property name="java.vm.name" value="OpenJDK 64-Bit Server VM"/>
    <property name="localRepository" value="/home/dzmitry_asetnik/.m2/repository"/>
    <property name="java.vendor.url.bug" value="http://bugreport.sun.com/bugreport/"/>
    <property name="java.io.tmpdir" value="/home/dzmitry_asetnik/tmp/helloworld-project/helloworld-ws/target"/>
    <property name="java.version" value="1.8.0_292"/>
    <property name="user.dir" value="/home/dzmitry_asetnik/tmp/helloworld-project/helloworld-ws"/>
    <property name="os.arch" value="amd64"/>
    <property name="java.vm.specification.name" value="Java Virtual Machine Specification"/>
    <property name="java.awt.printerjob" value="sun.print.PSPrinterJob"/>
    <property name="sun.os.patch.level" value="unknown"/>
    <property name="java.library.path" value="/usr/java/packages/lib/amd64:/usr/lib/x86_64-linux-gnu/jni:/lib/x86_64-linux-gnu:/usr/lib/x86_64-linux-gnu:/usr/lib/jni:/lib:/usr/lib"/>
    <property name="java.vm.info" value="mixed mode"/>
    <property name="java.vendor" value="Private Build"/>
    <property name="java.vm.version" value="25.292-b10"/>
    <property name="java.ext.dirs" value="/usr/lib/jvm/java-8-openjdk-amd64/jre/lib/ext:/usr/java/packages/lib/ext"/>
    <property name="sun.io.unicode.encoding" value="UnicodeLittle"/>
    <property name="java.class.version" value="52.0"/>
  </properties>
  <testcase name="testHello" classname="org.jboss.as.quickstarts.wshelloworld.ClientTest" time="0">
    <skipped message="got: &lt;false&gt;, expected: is &lt;true&gt;"/>
    <system-out><![CDATA[WSDL Deployment URL: http://localhost:8080/helloworld-ws/HelloWorldService?wsdl
]]></system-out>
  </testcase>
  <testcase name="testHelloName" classname="org.jboss.as.quickstarts.wshelloworld.ClientTest" time="0">
    <skipped message="got: &lt;false&gt;, expected: is &lt;true&gt;"/>
  </testcase>
  <testcase name="testHelloNames" classname="org.jboss.as.quickstarts.wshelloworld.ClientTest" time="0">
    <skipped message="got: &lt;false&gt;, expected: is &lt;true&gt;"/>
  </testcase>
</testsuite>